...found 8 targets...
...updating 7 targets...
common.mkdir bin.v2
common.mkdir bin.v2/libs
common.mkdir bin.v2/libs/context
common.mkdir bin.v2/libs/context/config
common.mkdir bin.v2/libs/context/config/gcc-4.6
common.mkdir bin.v2/libs/context/config/gcc-4.6/debug
gcc.compile.c++ bin.v2/libs/context/config/gcc-4.6/debug/32.o
/home/xqx/projects/git/BGL-test/boost_1_55_0/libs/context/config/32.cpp:9:36: error: size of array ‘test’ is negative

    "g++"  -ftemplate-depth-128 -O0 -fno-inline -Wall -g -fPIC  -DBOOST_ALL_NO_LIB=1  -I"." -c -o "bin.v2/libs/context/config/gcc-4.6/debug/32.o" "/home/xqx/projects/git/BGL-test/boost_1_55_0/libs/context/config/32.cpp"

...failed gcc.compile.c++ bin.v2/libs/context/config/gcc-4.6/debug/32.o...
...failed updating 1 target...
...updated 6 targets...
...found 2 targets...
...updating 1 target...
gcc.compile.c++ bin.v2/libs/context/config/gcc-4.6/debug/64.o
...updated 1 target...
...found 2 targets...
...updating 1 target...
gcc.compile.c++ bin.v2/libs/context/config/gcc-4.6/debug/arm.o
/home/xqx/projects/git/BGL-test/boost_1_55_0/libs/context/config/arm.cpp:12:2: error: #error "Not ARM"

    "g++"  -ftemplate-depth-128 -O0 -fno-inline -Wall -g -fPIC  -DBOOST_ALL_NO_LIB=1  -I"." -c -o "bin.v2/libs/context/config/gcc-4.6/debug/arm.o" "/home/xqx/projects/git/BGL-test/boost_1_55_0/libs/context/config/arm.cpp"

...failed gcc.compile.c++ bin.v2/libs/context/config/gcc-4.6/debug/arm.o...
...failed updating 1 target...
...found 2 targets...
...updating 1 target...
gcc.compile.c++ bin.v2/libs/context/config/gcc-4.6/debug/mips1.o
/home/xqx/projects/git/BGL-test/boost_1_55_0/libs/context/config/mips1.cpp:10:2: error: #error "Not MIPS1"

    "g++"  -ftemplate-depth-128 -O0 -fno-inline -Wall -g -fPIC  -DBOOST_ALL_NO_LIB=1  -I"." -c -o "bin.v2/libs/context/config/gcc-4.6/debug/mips1.o" "/home/xqx/projects/git/BGL-test/boost_1_55_0/libs/context/config/mips1.cpp"

...failed gcc.compile.c++ bin.v2/libs/context/config/gcc-4.6/debug/mips1.o...
...failed updating 1 target...
...found 2 targets...
...updating 1 target...
gcc.compile.c++ bin.v2/libs/context/config/gcc-4.6/debug/power.o
/home/xqx/projects/git/BGL-test/boost_1_55_0/libs/context/config/power.cpp:13:2: error: #error "Not PPC"

    "g++"  -ftemplate-depth-128 -O0 -fno-inline -Wall -g -fPIC  -DBOOST_ALL_NO_LIB=1  -I"." -c -o "bin.v2/libs/context/config/gcc-4.6/debug/power.o" "/home/xqx/projects/git/BGL-test/boost_1_55_0/libs/context/config/power.cpp"

...failed gcc.compile.c++ bin.v2/libs/context/config/gcc-4.6/debug/power.o...
...failed updating 1 target...
...found 2 targets...
...updating 1 target...
gcc.compile.c++ bin.v2/libs/context/config/gcc-4.6/debug/sparc.o
/home/xqx/projects/git/BGL-test/boost_1_55_0/libs/context/config/sparc.cpp:10:2: error: #error "Not SPARC"

    "g++"  -ftemplate-depth-128 -O0 -fno-inline -Wall -g -fPIC  -DBOOST_ALL_NO_LIB=1  -I"." -c -o "bin.v2/libs/context/config/gcc-4.6/debug/sparc.o" "/home/xqx/projects/git/BGL-test/boost_1_55_0/libs/context/config/sparc.cpp"

...failed gcc.compile.c++ bin.v2/libs/context/config/gcc-4.6/debug/sparc.o...
...failed updating 1 target...
...found 2 targets...
...updating 1 target...
gcc.compile.c++ bin.v2/libs/context/config/gcc-4.6/debug/x86.o
...updated 1 target...
...found 11 targets...
...updating 6 targets...
common.mkdir bin.v2/libs/regex
common.mkdir bin.v2/libs/regex/build
common.mkdir bin.v2/libs/regex/build/gcc-4.6
common.mkdir bin.v2/libs/regex/build/gcc-4.6/debug
gcc.compile.c++ bin.v2/libs/regex/build/gcc-4.6/debug/has_icu_test.o
libs/regex/build/has_icu_test.cpp:12:30: fatal error: unicode/uversion.h: No such file or directory
compilation terminated.

    "g++"  -ftemplate-depth-128 -O0 -fno-inline -Wall -pedantic -g -fPIC  -DBOOST_ALL_NO_LIB=1 -DBOOST_HAS_ICU=1  -I"." -c -o "bin.v2/libs/regex/build/gcc-4.6/debug/has_icu_test.o" "libs/regex/build/has_icu_test.cpp"

...failed gcc.compile.c++ bin.v2/libs/regex/build/gcc-4.6/debug/has_icu_test.o...
...skipped <pbin.v2/libs/regex/build/gcc-4.6/debug>has_icu for lack of <pbin.v2/libs/regex/build/gcc-4.6/debug>has_icu_test.o...
...failed updating 1 target...
...skipped 1 target...
...updated 4 targets...
...found 9 targets...
...updating 7 targets...
common.mkdir bin.v2/standalone
common.mkdir bin.v2/standalone/ac
common.mkdir bin.v2/standalone/ac/gcc-4.6
common.mkdir bin.v2/standalone/ac/gcc-4.6/release
common.mkdir bin.v2/standalone/ac/gcc-4.6/release/threading-multi
gcc.compile.c++ bin.v2/standalone/ac/gcc-4.6/release/threading-multi/zlib.h.o
...updated 7 targets...
...found 5 targets...
...updating 3 targets...
gcc.compile.c++ bin.v2/standalone/ac/gcc-4.6/release/threading-multi/main.o
gcc.link bin.v2/standalone/ac/gcc-4.6/release/threading-multi/z
...updated 3 targets...
...found 8 targets...
...updating 6 targets...
common.mkdir bin.v2/libs/locale
common.mkdir bin.v2/libs/locale/build
common.mkdir bin.v2/libs/locale/build/gcc-4.6
common.mkdir bin.v2/libs/locale/build/gcc-4.6/debug
gcc.compile.c++ bin.v2/libs/locale/build/gcc-4.6/debug/has_iconv_libc_obj.o
gcc.link bin.v2/libs/locale/build/gcc-4.6/debug/has_iconv
...updated 6 targets...
...found 4 targets...
...updating 2 targets...
gcc.compile.c++ bin.v2/libs/locale/build/gcc-4.6/debug/has_icu_obj.o
libs/locale/src/../build/has_icu_test.cpp:12:30: fatal error: unicode/uversion.h: No such file or directory
compilation terminated.

    "g++"  -ftemplate-depth-128 -O0 -fno-inline -Wall -g -fPIC  -DBOOST_ALL_NO_LIB=1  -I"." -c -o "bin.v2/libs/locale/build/gcc-4.6/debug/has_icu_obj.o" "libs/locale/src/../build/has_icu_test.cpp"

...failed gcc.compile.c++ bin.v2/libs/locale/build/gcc-4.6/debug/has_icu_obj.o...
...skipped <pbin.v2/libs/locale/build/gcc-4.6/debug>has_icu for lack of <pbin.v2/libs/locale/build/gcc-4.6/debug>has_icu_obj.o...
...failed updating 1 target...
...skipped 1 target...
...found 2 targets...
...updating 2 targets...
gcc.compile.c++ bin.v2/libs/locale/build/gcc-4.6/debug/has_icu64_obj.o
libs/locale/src/../build/has_icu_test.cpp:12:30: fatal error: unicode/uversion.h: No such file or directory
compilation terminated.

    "g++"  -ftemplate-depth-128 -O0 -fno-inline -Wall -g -fPIC  -DBOOST_ALL_NO_LIB=1  -I"." -c -o "bin.v2/libs/locale/build/gcc-4.6/debug/has_icu64_obj.o" "libs/locale/src/../build/has_icu_test.cpp"

...failed gcc.compile.c++ bin.v2/libs/locale/build/gcc-4.6/debug/has_icu64_obj.o...
...skipped <pbin.v2/libs/locale/build/gcc-4.6/debug>has_icu64 for lack of <pbin.v2/libs/locale/build/gcc-4.6/debug>has_icu64_obj.o...
...failed updating 1 target...
...skipped 1 target...
...found 9 targets...
...updating 7 targets...
common.mkdir bin.v2/libs/log
common.mkdir bin.v2/libs/log/config
common.mkdir bin.v2/libs/log/config/x86-ext
common.mkdir bin.v2/libs/log/config/x86-ext/gcc-4.6
common.mkdir bin.v2/libs/log/config/x86-ext/gcc-4.6/debug
common.mkdir bin.v2/libs/log/config/x86-ext/gcc-4.6/debug/pch-off
gcc.compile.c++ bin.v2/libs/log/config/x86-ext/gcc-4.6/debug/pch-off/ssse3.o
...updated 7 targets...
...patience...
...found 283 targets...
...updating 14 targets...
common.mkdir bin.v2/libs/thread
common.mkdir bin.v2/libs/thread/build
common.mkdir bin.v2/libs/thread/build/gcc-4.6
common.mkdir bin.v2/libs/thread/build/gcc-4.6/debug
common.mkdir bin.v2/libs/thread/build/gcc-4.6/debug/threading-multi
gcc.compile.c++ bin.v2/libs/thread/build/gcc-4.6/debug/threading-multi/has_atomic_flag_lockfree_test.o
libs/thread/src/../build/has_atomic_flag_lockfree_test.cpp:9:5: warning: unused parameter ‘argc’ [-Wunused-parameter]
libs/thread/src/../build/has_atomic_flag_lockfree_test.cpp:9:5: warning: unused parameter ‘argv’ [-Wunused-parameter]
common.mkdir bin.v2/libs/system
common.mkdir bin.v2/libs/system/build
common.mkdir bin.v2/libs/system/build/gcc-4.6
common.mkdir bin.v2/libs/system/build/gcc-4.6/debug
common.mkdir bin.v2/libs/system/build/gcc-4.6/debug/threading-multi
gcc.compile.c++ bin.v2/libs/system/build/gcc-4.6/debug/threading-multi/error_code.o
gcc.link.dll bin.v2/libs/system/build/gcc-4.6/debug/threading-multi/libboost_system.so.1.55.0
gcc.link bin.v2/libs/thread/build/gcc-4.6/debug/threading-multi/has_atomic_flag_lockfree
...updated 14 targets...
...found 3 targets...
...updating 1 target...
gcc.compile.c++ bin.v2/libs/log/config/x86-ext/gcc-4.6/debug/pch-off/avx2.o
cc1plus: error: unrecognized command line option ‘-mavx2’
libs/log/config/x86-ext/avx2.cpp:1:0: error: bad value (core-avx2) for -march= switch

    "g++"  -ftemplate-depth-128 -O0 -fno-inline -Wall -g -fPIC -march=core-avx2 -mavx -mavx2 -fabi-version=0 -DBOOST_ALL_NO_LIB=1  -I"." -c -o "bin.v2/libs/log/config/x86-ext/gcc-4.6/debug/pch-off/avx2.o" "libs/log/config/x86-ext/avx2.cpp"

...failed gcc.compile.c++ bin.v2/libs/log/config/x86-ext/gcc-4.6/debug/pch-off/avx2.o...
...failed updating 1 target...
...found 6 targets...
...updating 5 targets...
common.mkdir bin.v2/libs/math
common.mkdir bin.v2/libs/math/config
common.mkdir bin.v2/libs/math/config/gcc-4.6
common.mkdir bin.v2/libs/math/config/gcc-4.6/debug
gcc.compile.c++ bin.v2/libs/math/config/gcc-4.6/debug/has_gcc_visibility.o
...updated 5 targets...
...found 17 targets...
...updating 1 target...
gcc.compile.c++ bin.v2/libs/math/config/gcc-4.6/debug/has_long_double_support.o
...updated 1 target...
...found 3 targets...
...updating 3 targets...
common.mkdir bin.v2/standalone/ac/gcc-4.6/release/link-static
common.mkdir bin.v2/standalone/ac/gcc-4.6/release/link-static/threading-multi
gcc.compile.c++ bin.v2/standalone/ac/gcc-4.6/release/link-static/threading-multi/zlib.h.o
...updated 3 targets...
...found 2 targets...
...updating 2 targets...
gcc.compile.c++ bin.v2/standalone/ac/gcc-4.6/release/link-static/threading-multi/main.o
gcc.link bin.v2/standalone/ac/gcc-4.6/release/link-static/threading-multi/z
...updated 2 targets...
...found 1 target...
...updating 1 target...
config-cache.write bin.v2/project-cache.jam
...updated 1 target...
